<?xml version="1.0" encoding="UTF-8"?>
<testng-results ignored="0" total="1" passed="1" failed="0" skipped="0">
  <reporter-output>
  </reporter-output>
  <suite started-at="2022-06-29T21:06:37 IST" name="Default suite" finished-at="2022-06-29T21:06:37 IST" duration-ms="190">
    <groups>
    </groups>
    <test started-at="2022-06-29T21:06:37 IST" name="Default test" finished-at="2022-06-29T21:06:37 IST" duration-ms="190">
      <class name="synchronisation.sect14JAVAstreams">
        <test-method signature="regular()[pri:0, instance:synchronisation.sect14JAVAstreams@242b836]" started-at="2022-06-29T21:06:37 IST" name="regular" finished-at="2022-06-29T21:06:37 IST" duration-ms="27" status="PASS">
          <reporter-output>
          </reporter-output>
        </test-method> <!-- regular -->
      </class> <!-- synchronisation.sect14JAVAstreams -->
    </test> <!-- Default test -->
  </suite> <!-- Default suite -->
</testng-results>
