<?xml version="1.0" encoding="UTF-8"?>
<testng-results ignored="3" total="6" passed="3" failed="0" skipped="0">
  <reporter-output>
  </reporter-output>
  <suite started-at="2022-06-24T01:39:16 IST" name="loan dept" finished-at="2022-06-24T01:39:16 IST" duration-ms="211">
    <groups>
      <group name="smoke">
        <method signature="day1.Demo()[pri:0, instance:test.day1@6a370f4]" name="Demo" class="test.day1"/>
        <method signature="day2.test()[pri:0, instance:test.day2@55536d9e]" name="test" class="test.day2"/>
        <method signature="day4.WebloginHomeloan()[pri:0, instance:test.day4@747edf66]" name="WebloginHomeloan" class="test.day4"/>
      </group> <!-- smoke -->
    </groups>
    <test started-at="2022-06-24T01:39:16 IST" name="Regression" finished-at="2022-06-24T01:39:16 IST" duration-ms="211">
      <class name="test.day4">
        <test-method signature="WebloginHomeloan()[pri:0, instance:test.day4@747edf66]" started-at="2022-06-24T01:39:16 IST" name="WebloginHomeloan" finished-at="2022-06-24T01:39:16 IST" duration-ms="12" status="PASS">
          <reporter-output>
          </reporter-output>
        </test-method> <!-- WebloginHomeloan -->
      </class> <!-- test.day4 -->
      <class name="test.day2">
        <test-method signature="test()[pri:0, instance:test.day2@55536d9e]" started-at="2022-06-24T01:39:16 IST" name="test" finished-at="2022-06-24T01:39:16 IST" duration-ms="5" status="PASS">
          <reporter-output>
          </reporter-output>
        </test-method> <!-- test -->
      </class> <!-- test.day2 -->
      <class name="test.day1">
        <test-method signature="Demo()[pri:0, instance:test.day1@6a370f4]" started-at="2022-06-24T01:39:16 IST" name="Demo" finished-at="2022-06-24T01:39:16 IST" duration-ms="34" status="PASS">
          <reporter-output>
          </reporter-output>
        </test-method> <!-- Demo -->
      </class> <!-- test.day1 -->
    </test> <!-- Regression -->
  </suite> <!-- loan dept -->
</testng-results>
