<?xml version="1.0" encoding="UTF-8"?>
<!-- Generated by org.testng.reporters.JUnitXMLReporter -->
<testsuite ignored="0" hostname="DELL" failures="0" tests="7" name="personal loan" time="0.274" errors="0" timestamp="2022-06-23T23:51:30 IST">
  <testcase classname="test.day1" name="Demo" time="0.02"/>
  <testcase classname="test.day2" name="test" time="0.008"/>
  <testcase classname="test.day3" name="Mobilelogin" time="0.011"/>
  <testcase classname="test.day3" name="WebloginCarloan" time="0.007"/>
  <testcase classname="test.day4" name="Mobilelogin" time="0.005"/>
  <testcase classname="test.day4" name="WebloginHomeloan" time="0.008"/>
  <testcase classname="test.day4" name="loginAPI" time="0.009"/>
</testsuite> <!-- personal loan -->
