<?xml version="1.0" encoding="UTF-8"?>
<!-- Generated by org.testng.reporters.JUnitXMLReporter -->
<testsuite ignored="3" hostname="DELL" failures="0" tests="3" name="Regression" time="0.211" errors="0" timestamp="2022-06-24T01:39:16 IST">
  <testcase classname="test.day1" name="Demo" time="0.034"/>
  <testcase classname="test.day2" name="test" time="0.005"/>
  <testcase classname="test.day4" name="WebloginHomeloan" time="0.012"/>
  <testcase classname="test.day3" name="WebloginCarloan" time="0.0">
    <ignored/>
  </testcase> <!-- WebloginCarloan -->
  <testcase classname="test.day4" name="Mobilelogin" time="0.0">
    <ignored/>
  </testcase> <!-- Mobilelogin -->
  <testcase classname="test.day3" name="Mobilelogin" time="0.0">
    <ignored/>
  </testcase> <!-- Mobilelogin -->
</testsuite> <!-- Regression -->
